  mapa.cpp
C:\Users\Steven\Desktop\Bomberman-Proyecto-1-Comp-Grafica\Bomberman\OpenGL-basico\mapa.cpp(12,26): warning C4244: '=': conversion from 'int' to 'float', possible loss of data
C:\Users\Steven\Desktop\Bomberman-Proyecto-1-Comp-Grafica\Bomberman\OpenGL-basico\mapa.cpp(13,28): warning C4244: '=': conversion from 'int' to 'float', possible loss of data
C:\Users\Steven\Desktop\Bomberman-Proyecto-1-Comp-Grafica\Bomberman\OpenGL-basico\mapa.cpp(86,10): warning C4838: conversion from 'int' to 'GLfloat' requires a narrowing conversion
C:\Users\Steven\Desktop\Bomberman-Proyecto-1-Comp-Grafica\Bomberman\OpenGL-basico\mapa.cpp(86,10): warning C4244: 'initializing': conversion from 'int' to 'GLfloat', possible loss of data
C:\Users\Steven\Desktop\Bomberman-Proyecto-1-Comp-Grafica\Bomberman\OpenGL-basico\mapa.cpp(86,31): warning C4838: conversion from 'int' to 'GLfloat' requires a narrowing conversion
C:\Users\Steven\Desktop\Bomberman-Proyecto-1-Comp-Grafica\Bomberman\OpenGL-basico\mapa.cpp(86,31): warning C4244: 'initializing': conversion from 'int' to 'GLfloat', possible loss of data
C:\Users\Steven\Desktop\Bomberman-Proyecto-1-Comp-Grafica\Bomberman\OpenGL-basico\mapa.cpp(87,16): warning C4838: conversion from 'int' to 'GLfloat' requires a narrowing conversion
C:\Users\Steven\Desktop\Bomberman-Proyecto-1-Comp-Grafica\Bomberman\OpenGL-basico\mapa.cpp(87,16): warning C4244: 'initializing': conversion from 'int' to 'GLfloat', possible loss of data
C:\Users\Steven\Desktop\Bomberman-Proyecto-1-Comp-Grafica\Bomberman\OpenGL-basico\mapa.cpp(87,35): warning C4838: conversion from 'int' to 'GLfloat' requires a narrowing conversion
C:\Users\Steven\Desktop\Bomberman-Proyecto-1-Comp-Grafica\Bomberman\OpenGL-basico\mapa.cpp(87,35): warning C4244: 'initializing': conversion from 'int' to 'GLfloat', possible loss of data
C:\Users\Steven\Desktop\Bomberman-Proyecto-1-Comp-Grafica\Bomberman\OpenGL-basico\mapa.cpp(88,16): warning C4838: conversion from 'int' to 'GLfloat' requires a narrowing conversion
C:\Users\Steven\Desktop\Bomberman-Proyecto-1-Comp-Grafica\Bomberman\OpenGL-basico\mapa.cpp(88,16): warning C4244: 'initializing': conversion from 'int' to 'GLfloat', possible loss of data
C:\Users\Steven\Desktop\Bomberman-Proyecto-1-Comp-Grafica\Bomberman\OpenGL-basico\mapa.cpp(88,35): warning C4838: conversion from 'int' to 'GLfloat' requires a narrowing conversion
C:\Users\Steven\Desktop\Bomberman-Proyecto-1-Comp-Grafica\Bomberman\OpenGL-basico\mapa.cpp(88,35): warning C4244: 'initializing': conversion from 'int' to 'GLfloat', possible loss of data
C:\Users\Steven\Desktop\Bomberman-Proyecto-1-Comp-Grafica\Bomberman\OpenGL-basico\mapa.cpp(89,10): warning C4838: conversion from 'int' to 'GLfloat' requires a narrowing conversion
C:\Users\Steven\Desktop\Bomberman-Proyecto-1-Comp-Grafica\Bomberman\OpenGL-basico\mapa.cpp(89,10): warning C4244: 'initializing': conversion from 'int' to 'GLfloat', possible loss of data
C:\Users\Steven\Desktop\Bomberman-Proyecto-1-Comp-Grafica\Bomberman\OpenGL-basico\mapa.cpp(89,37): warning C4838: conversion from 'int' to 'GLfloat' requires a narrowing conversion
C:\Users\Steven\Desktop\Bomberman-Proyecto-1-Comp-Grafica\Bomberman\OpenGL-basico\mapa.cpp(89,37): warning C4244: 'initializing': conversion from 'int' to 'GLfloat', possible loss of data
C:\Users\Steven\Desktop\Bomberman-Proyecto-1-Comp-Grafica\Bomberman\OpenGL-basico\mapa.cpp(90,10): warning C4838: conversion from 'int' to 'GLfloat' requires a narrowing conversion
C:\Users\Steven\Desktop\Bomberman-Proyecto-1-Comp-Grafica\Bomberman\OpenGL-basico\mapa.cpp(90,10): warning C4244: 'initializing': conversion from 'int' to 'GLfloat', possible loss of data
C:\Users\Steven\Desktop\Bomberman-Proyecto-1-Comp-Grafica\Bomberman\OpenGL-basico\mapa.cpp(90,44): warning C4838: conversion from 'int' to 'GLfloat' requires a narrowing conversion
C:\Users\Steven\Desktop\Bomberman-Proyecto-1-Comp-Grafica\Bomberman\OpenGL-basico\mapa.cpp(90,44): warning C4244: 'initializing': conversion from 'int' to 'GLfloat', possible loss of data
C:\Users\Steven\Desktop\Bomberman-Proyecto-1-Comp-Grafica\Bomberman\OpenGL-basico\mapa.cpp(91,11): warning C4838: conversion from 'int' to 'GLfloat' requires a narrowing conversion
C:\Users\Steven\Desktop\Bomberman-Proyecto-1-Comp-Grafica\Bomberman\OpenGL-basico\mapa.cpp(91,11): warning C4244: 'initializing': conversion from 'int' to 'GLfloat', possible loss of data
C:\Users\Steven\Desktop\Bomberman-Proyecto-1-Comp-Grafica\Bomberman\OpenGL-basico\mapa.cpp(91,44): warning C4838: conversion from 'int' to 'GLfloat' requires a narrowing conversion
C:\Users\Steven\Desktop\Bomberman-Proyecto-1-Comp-Grafica\Bomberman\OpenGL-basico\mapa.cpp(91,44): warning C4244: 'initializing': conversion from 'int' to 'GLfloat', possible loss of data
C:\Users\Steven\Desktop\Bomberman-Proyecto-1-Comp-Grafica\Bomberman\OpenGL-basico\mapa.cpp(92,17): warning C4838: conversion from 'int' to 'GLfloat' requires a narrowing conversion
C:\Users\Steven\Desktop\Bomberman-Proyecto-1-Comp-Grafica\Bomberman\OpenGL-basico\mapa.cpp(92,17): warning C4244: 'initializing': conversion from 'int' to 'GLfloat', possible loss of data
C:\Users\Steven\Desktop\Bomberman-Proyecto-1-Comp-Grafica\Bomberman\OpenGL-basico\mapa.cpp(92,42): warning C4838: conversion from 'int' to 'GLfloat' requires a narrowing conversion
C:\Users\Steven\Desktop\Bomberman-Proyecto-1-Comp-Grafica\Bomberman\OpenGL-basico\mapa.cpp(92,42): warning C4244: 'initializing': conversion from 'int' to 'GLfloat', possible loss of data
C:\Users\Steven\Desktop\Bomberman-Proyecto-1-Comp-Grafica\Bomberman\OpenGL-basico\mapa.cpp(93,17): warning C4838: conversion from 'int' to 'GLfloat' requires a narrowing conversion
C:\Users\Steven\Desktop\Bomberman-Proyecto-1-Comp-Grafica\Bomberman\OpenGL-basico\mapa.cpp(93,17): warning C4244: 'initializing': conversion from 'int' to 'GLfloat', possible loss of data
C:\Users\Steven\Desktop\Bomberman-Proyecto-1-Comp-Grafica\Bomberman\OpenGL-basico\mapa.cpp(93,42): warning C4838: conversion from 'int' to 'GLfloat' requires a narrowing conversion
C:\Users\Steven\Desktop\Bomberman-Proyecto-1-Comp-Grafica\Bomberman\OpenGL-basico\mapa.cpp(93,42): warning C4244: 'initializing': conversion from 'int' to 'GLfloat', possible loss of data
C:\Users\Steven\Desktop\Bomberman-Proyecto-1-Comp-Grafica\Bomberman\OpenGL-basico\mapa.cpp(120,8): warning C4838: conversion from 'int' to 'GLfloat' requires a narrowing conversion
C:\Users\Steven\Desktop\Bomberman-Proyecto-1-Comp-Grafica\Bomberman\OpenGL-basico\mapa.cpp(120,8): warning C4244: 'initializing': conversion from 'int' to 'GLfloat', possible loss of data
C:\Users\Steven\Desktop\Bomberman-Proyecto-1-Comp-Grafica\Bomberman\OpenGL-basico\mapa.cpp(120,29): warning C4838: conversion from 'int' to 'GLfloat' requires a narrowing conversion
C:\Users\Steven\Desktop\Bomberman-Proyecto-1-Comp-Grafica\Bomberman\OpenGL-basico\mapa.cpp(120,29): warning C4244: 'initializing': conversion from 'int' to 'GLfloat', possible loss of data
C:\Users\Steven\Desktop\Bomberman-Proyecto-1-Comp-Grafica\Bomberman\OpenGL-basico\mapa.cpp(121,14): warning C4838: conversion from 'int' to 'GLfloat' requires a narrowing conversion
C:\Users\Steven\Desktop\Bomberman-Proyecto-1-Comp-Grafica\Bomberman\OpenGL-basico\mapa.cpp(121,14): warning C4244: 'initializing': conversion from 'int' to 'GLfloat', possible loss of data
C:\Users\Steven\Desktop\Bomberman-Proyecto-1-Comp-Grafica\Bomberman\OpenGL-basico\mapa.cpp(121,33): warning C4838: conversion from 'int' to 'GLfloat' requires a narrowing conversion
C:\Users\Steven\Desktop\Bomberman-Proyecto-1-Comp-Grafica\Bomberman\OpenGL-basico\mapa.cpp(121,33): warning C4244: 'initializing': conversion from 'int' to 'GLfloat', possible loss of data
C:\Users\Steven\Desktop\Bomberman-Proyecto-1-Comp-Grafica\Bomberman\OpenGL-basico\mapa.cpp(122,14): warning C4838: conversion from 'int' to 'GLfloat' requires a narrowing conversion
C:\Users\Steven\Desktop\Bomberman-Proyecto-1-Comp-Grafica\Bomberman\OpenGL-basico\mapa.cpp(122,14): warning C4244: 'initializing': conversion from 'int' to 'GLfloat', possible loss of data
C:\Users\Steven\Desktop\Bomberman-Proyecto-1-Comp-Grafica\Bomberman\OpenGL-basico\mapa.cpp(122,33): warning C4838: conversion from 'int' to 'GLfloat' requires a narrowing conversion
C:\Users\Steven\Desktop\Bomberman-Proyecto-1-Comp-Grafica\Bomberman\OpenGL-basico\mapa.cpp(122,33): warning C4244: 'initializing': conversion from 'int' to 'GLfloat', possible loss of data
C:\Users\Steven\Desktop\Bomberman-Proyecto-1-Comp-Grafica\Bomberman\OpenGL-basico\mapa.cpp(122,72): warning C4305: 'initializing': truncation from 'double' to 'GLfloat'
C:\Users\Steven\Desktop\Bomberman-Proyecto-1-Comp-Grafica\Bomberman\OpenGL-basico\mapa.cpp(123,8): warning C4838: conversion from 'int' to 'GLfloat' requires a narrowing conversion
C:\Users\Steven\Desktop\Bomberman-Proyecto-1-Comp-Grafica\Bomberman\OpenGL-basico\mapa.cpp(123,8): warning C4244: 'initializing': conversion from 'int' to 'GLfloat', possible loss of data
C:\Users\Steven\Desktop\Bomberman-Proyecto-1-Comp-Grafica\Bomberman\OpenGL-basico\mapa.cpp(123,35): warning C4838: conversion from 'int' to 'GLfloat' requires a narrowing conversion
C:\Users\Steven\Desktop\Bomberman-Proyecto-1-Comp-Grafica\Bomberman\OpenGL-basico\mapa.cpp(123,35): warning C4244: 'initializing': conversion from 'int' to 'GLfloat', possible loss of data
C:\Users\Steven\Desktop\Bomberman-Proyecto-1-Comp-Grafica\Bomberman\OpenGL-basico\mapa.cpp(124,8): warning C4838: conversion from 'int' to 'GLfloat' requires a narrowing conversion
C:\Users\Steven\Desktop\Bomberman-Proyecto-1-Comp-Grafica\Bomberman\OpenGL-basico\mapa.cpp(124,8): warning C4244: 'initializing': conversion from 'int' to 'GLfloat', possible loss of data
C:\Users\Steven\Desktop\Bomberman-Proyecto-1-Comp-Grafica\Bomberman\OpenGL-basico\mapa.cpp(124,41): warning C4838: conversion from 'int' to 'GLfloat' requires a narrowing conversion
C:\Users\Steven\Desktop\Bomberman-Proyecto-1-Comp-Grafica\Bomberman\OpenGL-basico\mapa.cpp(124,41): warning C4244: 'initializing': conversion from 'int' to 'GLfloat', possible loss of data
C:\Users\Steven\Desktop\Bomberman-Proyecto-1-Comp-Grafica\Bomberman\OpenGL-basico\mapa.cpp(125,8): warning C4838: conversion from 'int' to 'GLfloat' requires a narrowing conversion
C:\Users\Steven\Desktop\Bomberman-Proyecto-1-Comp-Grafica\Bomberman\OpenGL-basico\mapa.cpp(125,8): warning C4244: 'initializing': conversion from 'int' to 'GLfloat', possible loss of data
C:\Users\Steven\Desktop\Bomberman-Proyecto-1-Comp-Grafica\Bomberman\OpenGL-basico\mapa.cpp(125,41): warning C4838: conversion from 'int' to 'GLfloat' requires a narrowing conversion
C:\Users\Steven\Desktop\Bomberman-Proyecto-1-Comp-Grafica\Bomberman\OpenGL-basico\mapa.cpp(125,41): warning C4244: 'initializing': conversion from 'int' to 'GLfloat', possible loss of data
C:\Users\Steven\Desktop\Bomberman-Proyecto-1-Comp-Grafica\Bomberman\OpenGL-basico\mapa.cpp(126,15): warning C4838: conversion from 'int' to 'GLfloat' requires a narrowing conversion
C:\Users\Steven\Desktop\Bomberman-Proyecto-1-Comp-Grafica\Bomberman\OpenGL-basico\mapa.cpp(126,15): warning C4244: 'initializing': conversion from 'int' to 'GLfloat', possible loss of data
C:\Users\Steven\Desktop\Bomberman-Proyecto-1-Comp-Grafica\Bomberman\OpenGL-basico\mapa.cpp(126,40): warning C4838: conversion from 'int' to 'GLfloat' requires a narrowing conversion
C:\Users\Steven\Desktop\Bomberman-Proyecto-1-Comp-Grafica\Bomberman\OpenGL-basico\mapa.cpp(126,40): warning C4244: 'initializing': conversion from 'int' to 'GLfloat', possible loss of data
C:\Users\Steven\Desktop\Bomberman-Proyecto-1-Comp-Grafica\Bomberman\OpenGL-basico\mapa.cpp(127,15): warning C4838: conversion from 'int' to 'GLfloat' requires a narrowing conversion
C:\Users\Steven\Desktop\Bomberman-Proyecto-1-Comp-Grafica\Bomberman\OpenGL-basico\mapa.cpp(127,15): warning C4244: 'initializing': conversion from 'int' to 'GLfloat', possible loss of data
C:\Users\Steven\Desktop\Bomberman-Proyecto-1-Comp-Grafica\Bomberman\OpenGL-basico\mapa.cpp(127,40): warning C4838: conversion from 'int' to 'GLfloat' requires a narrowing conversion
C:\Users\Steven\Desktop\Bomberman-Proyecto-1-Comp-Grafica\Bomberman\OpenGL-basico\mapa.cpp(127,40): warning C4244: 'initializing': conversion from 'int' to 'GLfloat', possible loss of data
  OpenGL-basico.vcxproj -> C:\Users\Steven\Desktop\Bomberman-Proyecto-1-Comp-Grafica\Bomberman\Debug\Bomberman.exe
