  main.cpp
D:\FING\Proyectos\Comp Grafica\Bomberman-Proyecto-1-Comp-Grafica\Bomberman\main.cpp(100,17): warning C4244: 'argumento': conversión de 'float' a 'int'; posible pérdida de datos
D:\FING\Proyectos\Comp Grafica\Bomberman-Proyecto-1-Comp-Grafica\Bomberman\main.cpp(100,3): warning C4244: 'argumento': conversión de 'float' a 'int'; posible pérdida de datos
D:\FING\Proyectos\Comp Grafica\Bomberman-Proyecto-1-Comp-Grafica\Bomberman\main.cpp(110,32): warning C4244: 'argumento': conversión de 'float' a 'int'; posible pérdida de datos
D:\FING\Proyectos\Comp Grafica\Bomberman-Proyecto-1-Comp-Grafica\Bomberman\main.cpp(110,18): warning C4244: 'argumento': conversión de 'float' a 'int'; posible pérdida de datos
D:\FING\Proyectos\Comp Grafica\Bomberman-Proyecto-1-Comp-Grafica\Bomberman\main.cpp(112,53): warning C4244: 'argumento': conversión de 'float' a 'int'; posible pérdida de datos
D:\FING\Proyectos\Comp Grafica\Bomberman-Proyecto-1-Comp-Grafica\Bomberman\main.cpp(112,39): warning C4244: 'argumento': conversión de 'float' a 'int'; posible pérdida de datos
D:\FING\Proyectos\Comp Grafica\Bomberman-Proyecto-1-Comp-Grafica\Bomberman\main.cpp(114,54): warning C4244: 'argumento': conversión de 'float' a 'int'; posible pérdida de datos
D:\FING\Proyectos\Comp Grafica\Bomberman-Proyecto-1-Comp-Grafica\Bomberman\main.cpp(114,40): warning C4244: 'argumento': conversión de 'float' a 'int'; posible pérdida de datos
D:\FING\Proyectos\Comp Grafica\Bomberman-Proyecto-1-Comp-Grafica\Bomberman\main.cpp(280,38): warning C4244: '=': conversión de 'float' a 'int'; posible pérdida de datos
D:\FING\Proyectos\Comp Grafica\Bomberman-Proyecto-1-Comp-Grafica\Bomberman\main.cpp(283,16): warning C4244: '=': conversión de 'float' a 'int'; posible pérdida de datos
D:\FING\Proyectos\Comp Grafica\Bomberman-Proyecto-1-Comp-Grafica\Bomberman\main.cpp(284,16): warning C4244: '=': conversión de 'float' a 'int'; posible pérdida de datos
D:\FING\Proyectos\Comp Grafica\Bomberman-Proyecto-1-Comp-Grafica\Bomberman\main.cpp(288,16): warning C4244: 'inicializando': conversión de 'float' a 'int'; posible pérdida de datos
D:\FING\Proyectos\Comp Grafica\Bomberman-Proyecto-1-Comp-Grafica\Bomberman\main.cpp(289,17): warning C4244: 'inicializando': conversión de 'float' a 'int'; posible pérdida de datos
D:\FING\Proyectos\Comp Grafica\Bomberman-Proyecto-1-Comp-Grafica\Bomberman\main.cpp(436,22): warning C4244: '=': conversión de 'float' a 'int'; posible pérdida de datos
D:\FING\Proyectos\Comp Grafica\Bomberman-Proyecto-1-Comp-Grafica\Bomberman\main.cpp(439,51): warning C4244: 'argumento': conversión de 'int' a 'float'; posible pérdida de datos
D:\FING\Proyectos\Comp Grafica\Bomberman-Proyecto-1-Comp-Grafica\Bomberman\main.cpp(440,78): warning C4244: 'argumento': conversión de 'int' a 'float'; posible pérdida de datos
D:\FING\Proyectos\Comp Grafica\Bomberman-Proyecto-1-Comp-Grafica\Bomberman\main.cpp(440,54): warning C4244: 'argumento': conversión de 'int' a 'float'; posible pérdida de datos
  Generando código
  1 of 779 functions ( 0.1%) were compiled, the rest were copied from previous compilation.
    0 functions were new in current compilation
    5 functions had inline decision re-evaluated but remain unchanged
  Generación de código finalizada
configuraciones.obj : warning LNK4099: no se encontró PDB '' con 'configuraciones.obj' o en ''; se vinculará el objeto sin tener en cuenta información de depuración
objloader.obj : warning LNK4099: no se encontró PDB '' con 'objloader.obj' o en ''; se vinculará el objeto sin tener en cuenta información de depuración
mathVector.obj : warning LNK4099: no se encontró PDB '' con 'mathVector.obj' o en ''; se vinculará el objeto sin tener en cuenta información de depuración
random.obj : warning LNK4099: no se encontró PDB '' con 'random.obj' o en ''; se vinculará el objeto sin tener en cuenta información de depuración
  bomberman.vcxproj -> D:\FING\Proyectos\Comp Grafica\Bomberman-Proyecto-1-Comp-Grafica\Bomberman\x64\Release\Bomberman.exe
