c:\users\steven\documents\facultad\grafica\bomberman-proyecto-1-comp-grafica\bomberman\opengl-basico\x64\release\vc143.pdb
c:\users\steven\documents\facultad\grafica\bomberman-proyecto-1-comp-grafica\bomberman\opengl-basico\x64\release\renderutils.obj
c:\users\steven\documents\facultad\grafica\bomberman-proyecto-1-comp-grafica\bomberman\opengl-basico\x64\release\random.obj
c:\users\steven\documents\facultad\grafica\bomberman-proyecto-1-comp-grafica\bomberman\opengl-basico\x64\release\particulas.obj
c:\users\steven\documents\facultad\grafica\bomberman-proyecto-1-comp-grafica\bomberman\opengl-basico\x64\release\mathvector.obj
c:\users\steven\documents\facultad\grafica\bomberman-proyecto-1-comp-grafica\bomberman\opengl-basico\x64\release\mapa.obj
c:\users\steven\documents\facultad\grafica\bomberman-proyecto-1-comp-grafica\bomberman\opengl-basico\x64\release\jugador.obj
c:\users\steven\documents\facultad\grafica\bomberman-proyecto-1-comp-grafica\bomberman\opengl-basico\x64\release\explocion.obj
c:\users\steven\documents\facultad\grafica\bomberman-proyecto-1-comp-grafica\bomberman\opengl-basico\x64\release\menu.obj
c:\users\steven\documents\facultad\grafica\bomberman-proyecto-1-comp-grafica\bomberman\opengl-basico\x64\release\modovisualizacion.obj
c:\users\steven\documents\facultad\grafica\bomberman-proyecto-1-comp-grafica\bomberman\opengl-basico\x64\release\hud.obj
c:\users\steven\documents\facultad\grafica\bomberman-proyecto-1-comp-grafica\bomberman\opengl-basico\x64\release\rectangulo2d.obj
c:\users\steven\documents\facultad\grafica\bomberman-proyecto-1-comp-grafica\bomberman\opengl-basico\x64\release\rectangulo3d.obj
c:\users\steven\documents\facultad\grafica\bomberman-proyecto-1-comp-grafica\bomberman\opengl-basico\x64\release\objloader.obj
c:\users\steven\documents\facultad\grafica\bomberman-proyecto-1-comp-grafica\bomberman\opengl-basico\x64\release\menuvictoria.obj
c:\users\steven\documents\facultad\grafica\bomberman-proyecto-1-comp-grafica\bomberman\opengl-basico\x64\release\menugameover.obj
c:\users\steven\documents\facultad\grafica\bomberman-proyecto-1-comp-grafica\bomberman\opengl-basico\x64\release\enemigo.obj
c:\users\steven\documents\facultad\grafica\bomberman-proyecto-1-comp-grafica\bomberman\opengl-basico\x64\release\configuraciones.obj
c:\users\steven\documents\facultad\grafica\bomberman-proyecto-1-comp-grafica\bomberman\opengl-basico\x64\release\bomb.obj
c:\users\steven\documents\facultad\grafica\bomberman-proyecto-1-comp-grafica\bomberman\opengl-basico\x64\release\main.obj
c:\users\steven\documents\facultad\grafica\bomberman-proyecto-1-comp-grafica\bomberman\opengl-basico\x64\release\util.obj
c:\users\steven\documents\facultad\grafica\bomberman-proyecto-1-comp-grafica\bomberman\opengl-basico\x64\release\shapes.obj
c:\users\steven\documents\facultad\grafica\bomberman-proyecto-1-comp-grafica\bomberman\opengl-basico\x64\release\bomberman.ipdb
c:\users\steven\documents\facultad\grafica\bomberman-proyecto-1-comp-grafica\bomberman\opengl-basico\x64\release\bomberman.iobj
c:\users\steven\documents\facultad\grafica\bomberman-proyecto-1-comp-grafica\bomberman\x64\release\bomberman.pdb
c:\users\steven\documents\facultad\grafica\bomberman-proyecto-1-comp-grafica\bomberman\opengl-basico\x64\release\bomberman.tlog\cl.command.1.tlog
c:\users\steven\documents\facultad\grafica\bomberman-proyecto-1-comp-grafica\bomberman\opengl-basico\x64\release\bomberman.tlog\cl.items.tlog
c:\users\steven\documents\facultad\grafica\bomberman-proyecto-1-comp-grafica\bomberman\opengl-basico\x64\release\bomberman.tlog\cl.read.1.tlog
c:\users\steven\documents\facultad\grafica\bomberman-proyecto-1-comp-grafica\bomberman\opengl-basico\x64\release\bomberman.tlog\cl.write.1.tlog
c:\users\steven\documents\facultad\grafica\bomberman-proyecto-1-comp-grafica\bomberman\opengl-basico\x64\release\bomberman.tlog\link.command.1.tlog
c:\users\steven\documents\facultad\grafica\bomberman-proyecto-1-comp-grafica\bomberman\opengl-basico\x64\release\bomberman.tlog\link.read.1.tlog
c:\users\steven\documents\facultad\grafica\bomberman-proyecto-1-comp-grafica\bomberman\opengl-basico\x64\release\bomberman.tlog\link.secondary.1.tlog
c:\users\steven\documents\facultad\grafica\bomberman-proyecto-1-comp-grafica\bomberman\opengl-basico\x64\release\bomberman.tlog\link.write.1.tlog
