  enemigo.cpp
C:\Users\Steven\Documents\facultad\grafica\Bomberman-Proyecto-1-Comp-Grafica\Bomberman\OpenGL-basico\enemigo.cpp(31,11): warning C4244: 'initializing': conversion from 'int' to 'float', possible loss of data
C:\Users\Steven\Documents\facultad\grafica\Bomberman-Proyecto-1-Comp-Grafica\Bomberman\OpenGL-basico\enemigo.cpp(32,11): warning C4244: 'initializing': conversion from 'int' to 'float', possible loss of data
C:\Users\Steven\Documents\facultad\grafica\Bomberman-Proyecto-1-Comp-Grafica\Bomberman\OpenGL-basico\enemigo.cpp(39,54): warning C4305: 'initializing': truncation from 'double' to 'GLfloat'
C:\Users\Steven\Documents\facultad\grafica\Bomberman-Proyecto-1-Comp-Grafica\Bomberman\OpenGL-basico\enemigo.cpp(39,58): warning C4305: 'initializing': truncation from 'double' to 'GLfloat'
C:\Users\Steven\Documents\facultad\grafica\Bomberman-Proyecto-1-Comp-Grafica\Bomberman\OpenGL-basico\enemigo.cpp(39,62): warning C4305: 'initializing': truncation from 'double' to 'GLfloat'
C:\Users\Steven\Documents\facultad\grafica\Bomberman-Proyecto-1-Comp-Grafica\Bomberman\OpenGL-basico\enemigo.cpp(41,61): warning C4305: 'initializing': truncation from 'double' to 'GLfloat'
C:\Users\Steven\Documents\facultad\grafica\Bomberman-Proyecto-1-Comp-Grafica\Bomberman\OpenGL-basico\enemigo.cpp(41,65): warning C4305: 'initializing': truncation from 'double' to 'GLfloat'
C:\Users\Steven\Documents\facultad\grafica\Bomberman-Proyecto-1-Comp-Grafica\Bomberman\OpenGL-basico\enemigo.cpp(41,69): warning C4305: 'initializing': truncation from 'double' to 'GLfloat'
C:\Users\Steven\Documents\facultad\grafica\Bomberman-Proyecto-1-Comp-Grafica\Bomberman\OpenGL-basico\enemigo.cpp(43,55): warning C4305: 'initializing': truncation from 'double' to 'GLfloat'
C:\Users\Steven\Documents\facultad\grafica\Bomberman-Proyecto-1-Comp-Grafica\Bomberman\OpenGL-basico\enemigo.cpp(43,59): warning C4305: 'initializing': truncation from 'double' to 'GLfloat'
C:\Users\Steven\Documents\facultad\grafica\Bomberman-Proyecto-1-Comp-Grafica\Bomberman\OpenGL-basico\enemigo.cpp(43,63): warning C4305: 'initializing': truncation from 'double' to 'GLfloat'
C:\Users\Steven\Documents\facultad\grafica\Bomberman-Proyecto-1-Comp-Grafica\Bomberman\OpenGL-basico\enemigo.cpp(67,23): warning C4244: '=': conversion from 'int' to 'float', possible loss of data
C:\Users\Steven\Documents\facultad\grafica\Bomberman-Proyecto-1-Comp-Grafica\Bomberman\OpenGL-basico\enemigo.cpp(82,23): warning C4244: '=': conversion from 'int' to 'float', possible loss of data
C:\Users\Steven\Documents\facultad\grafica\Bomberman-Proyecto-1-Comp-Grafica\Bomberman\OpenGL-basico\enemigo.cpp(98,23): warning C4244: '=': conversion from 'int' to 'float', possible loss of data
C:\Users\Steven\Documents\facultad\grafica\Bomberman-Proyecto-1-Comp-Grafica\Bomberman\OpenGL-basico\enemigo.cpp(115,23): warning C4244: '=': conversion from 'int' to 'float', possible loss of data
C:\Users\Steven\Documents\facultad\grafica\Bomberman-Proyecto-1-Comp-Grafica\Bomberman\OpenGL-basico\enemigo.cpp(168,40): warning C4838: conversion from 'int' to 'GLfloat' requires a narrowing conversion
C:\Users\Steven\Documents\facultad\grafica\Bomberman-Proyecto-1-Comp-Grafica\Bomberman\OpenGL-basico\enemigo.cpp(168,40): warning C4244: 'initializing': conversion from 'int' to 'GLfloat', possible loss of data
C:\Users\Steven\Documents\facultad\grafica\Bomberman-Proyecto-1-Comp-Grafica\Bomberman\OpenGL-basico\enemigo.cpp(168,43): warning C4838: conversion from 'int' to 'GLfloat' requires a narrowing conversion
C:\Users\Steven\Documents\facultad\grafica\Bomberman-Proyecto-1-Comp-Grafica\Bomberman\OpenGL-basico\enemigo.cpp(168,43): warning C4244: 'initializing': conversion from 'int' to 'GLfloat', possible loss of data
C:\Users\Steven\Documents\facultad\grafica\Bomberman-Proyecto-1-Comp-Grafica\Bomberman\OpenGL-basico\enemigo.cpp(176,21): warning C4305: 'argument': truncation from 'double' to 'GLfloat'
C:\Users\Steven\Documents\facultad\grafica\Bomberman-Proyecto-1-Comp-Grafica\Bomberman\OpenGL-basico\enemigo.cpp(176,16): warning C4305: 'argument': truncation from 'double' to 'GLfloat'
C:\Users\Steven\Documents\facultad\grafica\Bomberman-Proyecto-1-Comp-Grafica\Bomberman\OpenGL-basico\enemigo.cpp(176,11): warning C4305: 'argument': truncation from 'double' to 'GLfloat'
x64\Release\menuGameOver.obj : warning LNK4042: object specified more than once; extras ignored
  Generating code
  3 of 754 functions ( 0.4%) were compiled, the rest were copied from previous compilation.
    0 functions were new in current compilation
    6 functions had inline decision re-evaluated but remain unchanged
  Finished generating code
  OpenGL-basico.vcxproj -> C:\Users\Steven\Documents\facultad\grafica\Bomberman-Proyecto-1-Comp-Grafica\Bomberman\x64\Release\Bomberman.exe
